<?xml version="1.0" encoding="UTF-8"?>
<!-- Generated by org.testng.reporters.JUnitXMLReporter -->
<testsuite hostname="Ievgeniias-MBP.fios-router.home" ignored="0" name="Donations STANDALONE" tests="14" failures="1" timestamp="2020-08-17T14:02:40 EDT" time="172.207" errors="0">
  <testcase name="petition" time="4.346" classname="com.fnoor.Standalone.PB_A1_PET"/>
  <testcase name="dataCapture" time="66.365" classname="com.fnoor.Standalone.PB_A2_DCF">
    <failure type="org.openqa.selenium.NoSuchElementException" message="no such element: Unable to locate element: {&amp;quot;method&amp;quot;:&amp;quot;xpath&amp;quot;,&amp;quot;selector&amp;quot;:&amp;quot;//div[@class=&amp;apos;txnID&amp;apos;]&amp;quot;}
  (Session info: chrome=84.0.4147.125)
For documentation on this error, please visit: http://seleniumhq.org/exceptions/no_such_element.html
Build info: version: &amp;apos;3.4.0&amp;apos;, revision: &amp;apos;unknown&amp;apos;, time: &amp;apos;unknown&amp;apos;
System info: host: &amp;apos;Ievgeniias-MBP.fios-router.home&amp;apos;, ip: &amp;apos;fe80:0:0:0:107b:90e6:e0b5:8010%en0&amp;apos;, os.name: &amp;apos;Mac OS X&amp;apos;, os.arch: &amp;apos;x86_64&amp;apos;, os.version: &amp;apos;10.14.6&amp;apos;, java.version: &amp;apos;1.8.0_221&amp;apos;
Driver info: org.openqa.selenium.chrome.ChromeDriver
Capabilities [{networkConnectionEnabled=false, chrome={chromedriverVersion=83.0.4103.39 (ccbf011cb2d2b19b506d844400483861342c20cd-refs/branch-heads/4103@{#416}), userDataDir=/var/folders/wf/01j5zpjj45dgk1n5rbf0njrm0000gn/T/.com.google.Chrome.3UuPcS}, timeouts={implicit=0.0, pageLoad=300000.0, script=30000.0}, pageLoadStrategy=normal, unhandledPromptBehavior=dismiss and notify, strictFileInteractability=false, platform=ANY, proxy=Proxy(), goog:chromeOptions={debuggerAddress=localhost:49393}, acceptInsecureCerts=false, browserVersion=84.0.4147.125, browserName=chrome, javascriptEnabled=true, platformName=mac os x, setWindowRect=true, webauthn:virtualAuthenticators=true}]
Session ID: 46fdb17eb183e67ca7707719537acfeb
*** Element info: {Using=xpath, value=//div[@class=&amp;apos;txnID&amp;apos;]}">
      <![CDATA[org.openqa.selenium.NoSuchElementException: no such element: Unable to locate element: {"method":"xpath","selector":"//div[@class='txnID']"}
  (Session info: chrome=84.0.4147.125)
For documentation on this error, please visit: http://seleniumhq.org/exceptions/no_such_element.html
Build info: version: '3.4.0', revision: 'unknown', time: 'unknown'
System info: host: 'Ievgeniias-MBP.fios-router.home', ip: 'fe80:0:0:0:107b:90e6:e0b5:8010%en0', os.name: 'Mac OS X', os.arch: 'x86_64', os.version: '10.14.6', java.version: '1.8.0_221'
Driver info: org.openqa.selenium.chrome.ChromeDriver
Capabilities [{networkConnectionEnabled=false, chrome={chromedriverVersion=83.0.4103.39 (ccbf011cb2d2b19b506d844400483861342c20cd-refs/branch-heads/4103@{#416}), userDataDir=/var/folders/wf/01j5zpjj45dgk1n5rbf0njrm0000gn/T/.com.google.Chrome.3UuPcS}, timeouts={implicit=0.0, pageLoad=300000.0, script=30000.0}, pageLoadStrategy=normal, unhandledPromptBehavior=dismiss and notify, strictFileInteractability=false, platform=ANY, proxy=Proxy(), goog:chromeOptions={debuggerAddress=localhost:49393}, acceptInsecureCerts=false, browserVersion=84.0.4147.125, browserName=chrome, javascriptEnabled=true, platformName=mac os x, setWindowRect=true, webauthn:virtualAuthenticators=true}]
Session ID: 46fdb17eb183e67ca7707719537acfeb
*** Element info: {Using=xpath, value=//div[@class='txnID']}
at org.openqa.selenium.remote.http.W3CHttpResponseCodec.createException(W3CHttpResponseCodec.java:150)
at org.openqa.selenium.remote.http.W3CHttpResponseCodec.decode(W3CHttpResponseCodec.java:115)
at org.openqa.selenium.remote.http.W3CHttpResponseCodec.decode(W3CHttpResponseCodec.java:45)
at org.openqa.selenium.remote.HttpCommandExecutor.execute(HttpCommandExecutor.java:164)
at org.openqa.selenium.remote.service.DriverCommandExecutor.execute(DriverCommandExecutor.java:82)
at org.openqa.selenium.remote.RemoteWebDriver.execute(RemoteWebDriver.java:637)
at org.openqa.selenium.remote.RemoteWebDriver.findElement(RemoteWebDriver.java:410)
at org.openqa.selenium.remote.RemoteWebDriver.findElementByXPath(RemoteWebDriver.java:509)
at org.openqa.selenium.By$ByXPath.findElement(By.java:361)
at org.openqa.selenium.remote.RemoteWebDriver.findElement(RemoteWebDriver.java:402)
at com.fnoor.PageFields.getSupporterTaxID(PageFields.java:833)
at com.fnoor.Standalone.PB_A2_DCF.dataCapture(PB_A2_DCF.java:66)
at java.util.ArrayList.forEach(ArrayList.java:1257)
... Removed 35 stack frames]]>
    </failure>
  </testcase> <!-- dataCapture -->
  <testcase name="dataCapture2" time="6.008" classname="com.fnoor.Standalone.PB_A3_DCF2"/>
  <testcase name="customTarget" time="5.731" classname="com.fnoor.Standalone.PB_A4_ETT1"/>
  <testcase name="singleDBETT" time="6.135" classname="com.fnoor.Standalone.PB_A5_ETT2"/>
  <testcase name="signUp" time="3.831" classname="com.fnoor.Standalone.PB_A8_EMS"/>
  <testcase name="ecardValidation" time="4.144" classname="com.fnoor.Standalone.PB_A9_ECF"/>
  <testcase name="tweetCustomTarget" time="4.972" classname="com.fnoor.Standalone.PB_A10_TWT1"/>
  <testcase name="singleDB" time="5.897" classname="com.fnoor.Standalone.PB_A11_TWT2"/>
  <testcase name="multiDB" time="6.195" classname="com.fnoor.Standalone.PB_A12_TWT3"/>
  <testcase name="event" time="5.41" classname="com.fnoor.Standalone.PB_A13_ECS"/>
  <testcase name="premiumDonationSingle" time="7.074" classname="com.fnoor.Standalone.PB_A15_PTM"/>
  <testcase name="ecommerceSymbolicGift" time="7.874" classname="com.fnoor.Standalone.PB_A16_ETM"/>
  <testcase name="membershipDogsJoin" time="7.945" classname="com.fnoor.Standalone.PB_A17_MSP"/>
</testsuite> <!-- Donations STANDALONE -->
