<?xml version="1.0" encoding="UTF-8"?>
<!-- Generated by org.testng.reporters.JUnitXMLReporter -->
<testsuite hostname="Ievgeniias-MBP.fios-router.home" ignored="0" name="Donations STRIPE" tests="10" failures="2" timestamp="2020-09-01T17:22:54 EDT" time="220.491" errors="0">
  <testcase name="stripeSingle" time="12.166" classname="com.fnoor.FundraisingTest.STRIPE"/>
  <testcase name="stripeRecurring" time="10.478" classname="com.fnoor.FundraisingTest.STRIPE"/>
  <testcase name="stripeBancontactSingle" time="17.217" classname="com.fnoor.FundraisingTest.STRIPE"/>
  <testcase name="stripeSingle3D" time="22.233" classname="com.fnoor.FundraisingTest.STRIPE"/>
  <testcase name="stripeRecurring3D" time="67.975" classname="com.fnoor.FundraisingTest.STRIPE">
    <failure type="org.openqa.selenium.TimeoutException" message="Expected condition failed: waiting for frame to be available: By.id: challengeFrame (tried for 60 second(s) with 500 MILLISECONDS interval)">
      <![CDATA[org.openqa.selenium.TimeoutException: Expected condition failed: waiting for frame to be available: By.id: challengeFrame (tried for 60 second(s) with 500 MILLISECONDS interval)
at org.openqa.selenium.support.ui.WebDriverWait.timeoutException(WebDriverWait.java:80)
at org.openqa.selenium.support.ui.FluentWait.until(FluentWait.java:232)
at com.fnoor.FundraisingTest.STRIPE.stripeRecurring3D(STRIPE.java:370)
at java.util.ArrayList.forEach(ArrayList.java:1257)
Caused by: org.openqa.selenium.NoSuchElementException: Cannot locate an element using By.id: challengeFrame
For documentation on this error, please visit: http://seleniumhq.org/exceptions/no_such_element.html
Build info: version: '3.4.0', revision: 'unknown', time: 'unknown'
System info: host: 'Ievgeniias-MBP.fios-router.home', ip: 'fe80:0:0:0:1005:d6ed:5ff1:60bf%en0', os.name: 'Mac OS X', os.arch: 'x86_64', os.version: '10.14.6', java.version: '1.8.0_221'
Driver info: driver.version: unknown
at org.openqa.selenium.support.ui.ExpectedConditions.lambda$findElement$0(ExpectedConditions.java:883)
at java.util.Optional.orElseThrow(Optional.java:290)
at org.openqa.selenium.support.ui.ExpectedConditions.findElement(ExpectedConditions.java:882)
at org.openqa.selenium.support.ui.ExpectedConditions.access$000(ExpectedConditions.java:44)
at org.openqa.selenium.support.ui.ExpectedConditions$17.apply(ExpectedConditions.java:504)
at org.openqa.selenium.support.ui.ExpectedConditions$17.apply(ExpectedConditions.java:500)
at org.openqa.selenium.support.ui.FluentWait.until(FluentWait.java:209)
... 33 more
... Removed 31 stack frames]]>
    </failure>
  </testcase> <!-- stripeRecurring3D -->
  <testcase name="stripeSEPAsingle" time="8.42" classname="com.fnoor.FundraisingTest.STRIPE">
    <failure type="java.lang.AssertionError" message="Urls are not the same">
      <![CDATA[java.lang.AssertionError: Urls are not the same
at org.junit.Assert.fail(Assert.java:88)
at org.junit.Assert.assertTrue(Assert.java:41)
at com.fnoor.FundraisingTest.STRIPE.stripeSEPAsingle(STRIPE.java:435)
at java.util.ArrayList.forEach(ArrayList.java:1257)
... Removed 31 stack frames]]>
    </failure>
  </testcase> <!-- stripeSEPAsingle -->
  <testcase name="stripeSEPArecurring" time="9.765" classname="com.fnoor.FundraisingTest.STRIPE"/>
  <testcase name="stripeIDEALsingleABN" time="18.702" classname="com.fnoor.FundraisingTest.STRIPE"/>
  <testcase name="stripeIDEALsingleASN" time="24.589" classname="com.fnoor.FundraisingTest.STRIPE"/>
  <testcase name="stripeIDEALsingleASNRefund" time="24.392" classname="com.fnoor.FundraisingTest.STRIPE"/>
</testsuite> <!-- Donations STRIPE -->
