<?xml version="1.0" encoding="UTF-8"?>
<!-- Generated by org.testng.reporters.JUnitXMLReporter -->
<testsuite hostname="Ievgeniias-MBP.fios-router.home" ignored="0" name="Donations IATS" tests="5" failures="2" timestamp="2020-04-23T12:45:30 EDT" time="98.861" errors="0">
  <testcase name="iatsSingle" time="69.666" classname="com.fnoor.FundraisingTest.IATS">
    <failure type="org.openqa.selenium.NoSuchElementException" message="Unable to locate element: //div[@class=&amp;apos;txnID&amp;apos;]
For documentation on this error, please visit: http://seleniumhq.org/exceptions/no_such_element.html
Build info: version: &amp;apos;3.4.0&amp;apos;, revision: &amp;apos;unknown&amp;apos;, time: &amp;apos;unknown&amp;apos;
System info: host: &amp;apos;Ievgeniias-MBP.fios-router.home&amp;apos;, ip: &amp;apos;fe80:0:0:0:96:9c53:d0d7:ba01%en0&amp;apos;, os.name: &amp;apos;Mac OS X&amp;apos;, os.arch: &amp;apos;x86_64&amp;apos;, os.version: &amp;apos;10.14.6&amp;apos;, java.version: &amp;apos;1.8.0_221&amp;apos;
Driver info: org.openqa.selenium.firefox.FirefoxDriver
Capabilities [{moz:profile=/var/folders/wf/01j5zpjj45dgk1n5rbf0njrm0000gn/T/rust_mozprofilejr2oEA, rotatable=false, moz:geckodriverVersion=0.26.0, timeouts={implicit=0.0, pageLoad=300000.0, script=30000.0}, pageLoadStrategy=normal, unhandledPromptBehavior=dismiss and notify, strictFileInteractability=false, moz:headless=false, platform=ANY, moz:accessibilityChecks=false, moz:useNonSpecCompliantPointerOrigin=false, acceptInsecureCerts=false, browserVersion=75.0, moz:shutdownTimeout=60000.0, platformVersion=18.7.0, moz:processID=33367.0, browserName=firefox, moz:buildID=20200403170909, javascriptEnabled=true, platformName=mac, setWindowRect=true, moz:webdriverClick=true}]
Session ID: c365e403-58a1-3e44-84f5-109ce348a4b1
*** Element info: {Using=xpath, value=//div[@class=&amp;apos;txnID&amp;apos;]}">
      <![CDATA[org.openqa.selenium.NoSuchElementException: Unable to locate element: //div[@class='txnID']
For documentation on this error, please visit: http://seleniumhq.org/exceptions/no_such_element.html
Build info: version: '3.4.0', revision: 'unknown', time: 'unknown'
System info: host: 'Ievgeniias-MBP.fios-router.home', ip: 'fe80:0:0:0:96:9c53:d0d7:ba01%en0', os.name: 'Mac OS X', os.arch: 'x86_64', os.version: '10.14.6', java.version: '1.8.0_221'
Driver info: org.openqa.selenium.firefox.FirefoxDriver
Capabilities [{moz:profile=/var/folders/wf/01j5zpjj45dgk1n5rbf0njrm0000gn/T/rust_mozprofilejr2oEA, rotatable=false, moz:geckodriverVersion=0.26.0, timeouts={implicit=0.0, pageLoad=300000.0, script=30000.0}, pageLoadStrategy=normal, unhandledPromptBehavior=dismiss and notify, strictFileInteractability=false, moz:headless=false, platform=ANY, moz:accessibilityChecks=false, moz:useNonSpecCompliantPointerOrigin=false, acceptInsecureCerts=false, browserVersion=75.0, moz:shutdownTimeout=60000.0, platformVersion=18.7.0, moz:processID=33367.0, browserName=firefox, moz:buildID=20200403170909, javascriptEnabled=true, platformName=mac, setWindowRect=true, moz:webdriverClick=true}]
Session ID: c365e403-58a1-3e44-84f5-109ce348a4b1
*** Element info: {Using=xpath, value=//div[@class='txnID']}
at org.openqa.selenium.remote.http.W3CHttpResponseCodec.createException(W3CHttpResponseCodec.java:150)
at org.openqa.selenium.remote.http.W3CHttpResponseCodec.decode(W3CHttpResponseCodec.java:115)
at org.openqa.selenium.remote.http.W3CHttpResponseCodec.decode(W3CHttpResponseCodec.java:45)
at org.openqa.selenium.remote.HttpCommandExecutor.execute(HttpCommandExecutor.java:164)
at org.openqa.selenium.remote.service.DriverCommandExecutor.execute(DriverCommandExecutor.java:82)
at org.openqa.selenium.remote.RemoteWebDriver.execute(RemoteWebDriver.java:637)
at org.openqa.selenium.remote.RemoteWebDriver.findElement(RemoteWebDriver.java:410)
at org.openqa.selenium.remote.RemoteWebDriver.findElementByXPath(RemoteWebDriver.java:509)
at org.openqa.selenium.By$ByXPath.findElement(By.java:361)
at org.openqa.selenium.remote.RemoteWebDriver.findElement(RemoteWebDriver.java:402)
at com.fnoor.PageFields.getSupporterTaxID(PageFields.java:682)
at com.fnoor.FundraisingTest.IATS.iatsSingle(IATS.java:90)
at java.util.ArrayList.forEach(ArrayList.java:1257)
... Removed 35 stack frames]]>
    </failure>
  </testcase> <!-- iatsSingle -->
  <testcase name="IATSRecurring" time="7.306" classname="com.fnoor.FundraisingTest.IATS"/>
  <testcase name="IATSACHRecurring" time="6.113" classname="com.fnoor.FundraisingTest.IATS"/>
  <testcase name="IATSACHRecurPaymenttypelogic" time="8.509" classname="com.fnoor.FundraisingTest.IATS"/>
  <testcase name="IATSvalidateTransaction" time="0.996" classname="com.fnoor.FundraisingTest.IATS">
    <failure type="org.openqa.selenium.WebDriverException" message="Element &amp;lt;button class=&amp;quot;button button--login&amp;quot;&amp;gt; is not clickable at point (851,411) because another element &amp;lt;div class=&amp;quot;messageOverlay loading&amp;quot;&amp;gt; obscures it
Build info: version: &amp;apos;3.4.0&amp;apos;, revision: &amp;apos;unknown&amp;apos;, time: &amp;apos;unknown&amp;apos;
System info: host: &amp;apos;Ievgeniias-MBP.fios-router.home&amp;apos;, ip: &amp;apos;fe80:0:0:0:96:9c53:d0d7:ba01%en0&amp;apos;, os.name: &amp;apos;Mac OS X&amp;apos;, os.arch: &amp;apos;x86_64&amp;apos;, os.version: &amp;apos;10.14.6&amp;apos;, java.version: &amp;apos;1.8.0_221&amp;apos;
Driver info: org.openqa.selenium.firefox.FirefoxDriver
Capabilities [{moz:profile=/var/folders/wf/01j5zpjj45dgk1n5rbf0njrm0000gn/T/rust_mozprofilejr2oEA, rotatable=false, moz:geckodriverVersion=0.26.0, timeouts={implicit=0.0, pageLoad=300000.0, script=30000.0}, pageLoadStrategy=normal, unhandledPromptBehavior=dismiss and notify, strictFileInteractability=false, moz:headless=false, platform=ANY, moz:accessibilityChecks=false, moz:useNonSpecCompliantPointerOrigin=false, acceptInsecureCerts=false, browserVersion=75.0, moz:shutdownTimeout=60000.0, platformVersion=18.7.0, moz:processID=33367.0, browserName=firefox, moz:buildID=20200403170909, javascriptEnabled=true, platformName=mac, setWindowRect=true, moz:webdriverClick=true}]
Session ID: c365e403-58a1-3e44-84f5-109ce348a4b1">
      <![CDATA[org.openqa.selenium.WebDriverException: Element <button class="button button--login"> is not clickable at point (851,411) because another element <div class="messageOverlay loading"> obscures it
Build info: version: '3.4.0', revision: 'unknown', time: 'unknown'
System info: host: 'Ievgeniias-MBP.fios-router.home', ip: 'fe80:0:0:0:96:9c53:d0d7:ba01%en0', os.name: 'Mac OS X', os.arch: 'x86_64', os.version: '10.14.6', java.version: '1.8.0_221'
Driver info: org.openqa.selenium.firefox.FirefoxDriver
Capabilities [{moz:profile=/var/folders/wf/01j5zpjj45dgk1n5rbf0njrm0000gn/T/rust_mozprofilejr2oEA, rotatable=false, moz:geckodriverVersion=0.26.0, timeouts={implicit=0.0, pageLoad=300000.0, script=30000.0}, pageLoadStrategy=normal, unhandledPromptBehavior=dismiss and notify, strictFileInteractability=false, moz:headless=false, platform=ANY, moz:accessibilityChecks=false, moz:useNonSpecCompliantPointerOrigin=false, acceptInsecureCerts=false, browserVersion=75.0, moz:shutdownTimeout=60000.0, platformVersion=18.7.0, moz:processID=33367.0, browserName=firefox, moz:buildID=20200403170909, javascriptEnabled=true, platformName=mac, setWindowRect=true, moz:webdriverClick=true}]
Session ID: c365e403-58a1-3e44-84f5-109ce348a4b1
at org.openqa.selenium.remote.http.W3CHttpResponseCodec.createException(W3CHttpResponseCodec.java:150)
at org.openqa.selenium.remote.http.W3CHttpResponseCodec.decode(W3CHttpResponseCodec.java:115)
at org.openqa.selenium.remote.http.W3CHttpResponseCodec.decode(W3CHttpResponseCodec.java:45)
at org.openqa.selenium.remote.HttpCommandExecutor.execute(HttpCommandExecutor.java:164)
at org.openqa.selenium.remote.service.DriverCommandExecutor.execute(DriverCommandExecutor.java:82)
at org.openqa.selenium.remote.RemoteWebDriver.execute(RemoteWebDriver.java:637)
at org.openqa.selenium.remote.RemoteWebElement.execute(RemoteWebElement.java:272)
at org.openqa.selenium.remote.RemoteWebElement.click(RemoteWebElement.java:82)
at com.fnoor.PageFields.enLogin(PageFields.java:503)
at com.fnoor.FundraisingTest.IATS.IATSvalidateTransaction(IATS.java:297)
at java.util.ArrayList.forEach(ArrayList.java:1257)
... Removed 35 stack frames]]>
    </failure>
  </testcase> <!-- IATSvalidateTransaction -->
</testsuite> <!-- Donations IATS -->
