<?xml version="1.0" encoding="UTF-8"?>
<!-- Generated by org.testng.reporters.JUnitXMLReporter -->
<testsuite hostname="Ievgeniias-MBP.fios-router.home" ignored="0" name="Donations PAYPAL" tests="8" failures="2" timestamp="2020-08-12T12:59:48 EDT" time="405.796" errors="0">
  <testcase name="payPalPaymentsProRecurring" time="12.815" classname="com.fnoor.FundraisingTest.PAYPAL"/>
  <testcase name="payViaPayPalSingle" time="27.745" classname="com.fnoor.FundraisingTest.PAYPAL"/>
  <testcase name="payViaPayPalRecurring" time="31.515" classname="com.fnoor.FundraisingTest.PAYPAL"/>
  <testcase name="paypalPaymentsProSingle" time="11.589" classname="com.fnoor.FundraisingTest.PAYPAL"/>
  <testcase name="paypalCardinalComSingle3D" time="126.885" classname="com.fnoor.FundraisingTest.PAYPAL">
    <failure type="org.openqa.selenium.NoSuchFrameException" message="No frame element found by name or id Cardinal-CCA-IFrame
Build info: version: &amp;apos;3.4.0&amp;apos;, revision: &amp;apos;unknown&amp;apos;, time: &amp;apos;unknown&amp;apos;
System info: host: &amp;apos;Ievgeniias-MBP.fios-router.home&amp;apos;, ip: &amp;apos;fe80:0:0:0:107b:90e6:e0b5:8010%en0&amp;apos;, os.name: &amp;apos;Mac OS X&amp;apos;, os.arch: &amp;apos;x86_64&amp;apos;, os.version: &amp;apos;10.14.6&amp;apos;, java.version: &amp;apos;1.8.0_221&amp;apos;
Driver info: driver.version: unknown">
      <![CDATA[org.openqa.selenium.NoSuchFrameException: No frame element found by name or id Cardinal-CCA-IFrame
Build info: version: '3.4.0', revision: 'unknown', time: 'unknown'
System info: host: 'Ievgeniias-MBP.fios-router.home', ip: 'fe80:0:0:0:107b:90e6:e0b5:8010%en0', os.name: 'Mac OS X', os.arch: 'x86_64', os.version: '10.14.6', java.version: '1.8.0_221'
Driver info: driver.version: unknown
at org.openqa.selenium.remote.RemoteWebDriver$RemoteTargetLocator.frame(RemoteWebDriver.java:973)
at com.fnoor.FundraisingTest.PAYPAL.paypalCardinalComSingle3D(PAYPAL.java:362)
at java.util.ArrayList.forEach(ArrayList.java:1257)
... Removed 31 stack frames]]>
    </failure>
  </testcase> <!-- paypalCardinalComSingle3D -->
  <testcase name="paypalViaPayPalCardinalComSingle3D" time="30.06" classname="com.fnoor.FundraisingTest.PAYPAL"/>
  <testcase name="paypalCardinalComRecurring3D" time="127.197" classname="com.fnoor.FundraisingTest.PAYPAL">
    <failure type="org.openqa.selenium.NoSuchFrameException" message="No frame element found by name or id Cardinal-CCA-IFrame
Build info: version: &amp;apos;3.4.0&amp;apos;, revision: &amp;apos;unknown&amp;apos;, time: &amp;apos;unknown&amp;apos;
System info: host: &amp;apos;Ievgeniias-MBP.fios-router.home&amp;apos;, ip: &amp;apos;fe80:0:0:0:107b:90e6:e0b5:8010%en0&amp;apos;, os.name: &amp;apos;Mac OS X&amp;apos;, os.arch: &amp;apos;x86_64&amp;apos;, os.version: &amp;apos;10.14.6&amp;apos;, java.version: &amp;apos;1.8.0_221&amp;apos;
Driver info: driver.version: unknown">
      <![CDATA[org.openqa.selenium.NoSuchFrameException: No frame element found by name or id Cardinal-CCA-IFrame
Build info: version: '3.4.0', revision: 'unknown', time: 'unknown'
System info: host: 'Ievgeniias-MBP.fios-router.home', ip: 'fe80:0:0:0:107b:90e6:e0b5:8010%en0', os.name: 'Mac OS X', os.arch: 'x86_64', os.version: '10.14.6', java.version: '1.8.0_221'
Driver info: driver.version: unknown
at org.openqa.selenium.remote.RemoteWebDriver$RemoteTargetLocator.frame(RemoteWebDriver.java:973)
at com.fnoor.FundraisingTest.PAYPAL.paypalCardinalComRecurring3D(PAYPAL.java:519)
at java.util.ArrayList.forEach(ArrayList.java:1257)
... Removed 31 stack frames]]>
    </failure>
  </testcase> <!-- paypalCardinalComRecurring3D -->
  <testcase name="stripeViaPaypalSingle" time="27.419" classname="com.fnoor.FundraisingTest.PAYPAL"/>
</testsuite> <!-- Donations PAYPAL -->
